2021-09-02 22:06:59,078 [INFO] Activator:177 - 


2021-09-02 22:06:59,080 [INFO] Activator:178 - !SESSION log4j initialized
2021-09-02 22:07:42,881 [INFO] McuFinderGlobals:39 - Set McuFinder mode to 2 (CubeIDE integrated)
2021-09-02 22:07:43,426 [INFO] ApplicationProperties:181 - Using Application install path: X:\Programmes\ST\STM32CubeIDE_1.7.0\STM32CubeIDE\plugins\com.st.stm32cube.common.mx_6.3.0.202107141111
2021-09-02 22:07:43,455 [INFO] DbMcusXml:74 - Set database path to: X:\Programmes\ST\STM32CubeIDE_1.7.0\STM32CubeIDE\plugins\com.st.stm32cube.common.mx_6.3.0.202107141111\\db\/mcu/
2021-09-02 22:07:43,459 [INFO] DbBoardsPdsc:56 - Set plugin database path to: X:\Programmes\ST\STM32CubeIDE_1.7.0\STM32CubeIDE\plugins\com.st.stm32cube.common.mx_6.3.0.202107141111\\db\/plugins/boardmanager/
2021-09-02 22:07:43,460 [INFO] DbMcus:258 - Set plugin images path to: X:\Programmes\ST\STM32CubeIDE_1.7.0\STM32CubeIDE\plugins\com.st.stm32cube.common.mx_6.3.0.202107141111\\db\/plugins/mcufinder/images/
2021-09-02 22:07:43,460 [INFO] DbBoards:264 - Set plugin images path to: X:\Programmes\ST\STM32CubeIDE_1.7.0\STM32CubeIDE\plugins\com.st.stm32cube.common.mx_6.3.0.202107141111\\db\/plugins/mcufinder/images/
2021-09-02 22:07:43,464 [INFO] DbExamples:333 - Set plugin images path to: X:\Programmes\ST\STM32CubeIDE_1.7.0\STM32CubeIDE\plugins\com.st.stm32cube.common.mx_6.3.0.202107141111\\db\/plugins/mcufinder/images/
2021-09-02 22:07:43,471 [INFO] DbMcusAds:119 - Set database path to: C:\Users\Tom\.stmcufinder\plugins\mcufinder//mcu/
2021-09-02 22:07:43,472 [INFO] DbMcusDocs:110 - Set database path to: C:\Users\Tom\.stmcufinder\plugins\mcufinder//mcu/
2021-09-02 22:07:43,474 [INFO] DbMcusJson:64 - Set database path to: C:\Users\Tom\.stmcufinder\plugins\mcufinder//mcu/
2021-09-02 22:07:43,475 [INFO] DbBoardsDocs:110 - Set database path to: C:\Users\Tom\.stmcufinder\plugins\mcufinder//mcu/
2021-09-02 22:07:43,476 [INFO] DbBoardsJson:57 - Set database path to: C:\Users\Tom\.stmcufinder\plugins\mcufinder//mcu/
2021-09-02 22:07:43,483 [INFO] CrossReferenceDbSqlite:196 - Set database path to: C:\Users\Tom\.stmcufinder\plugins\mcufinder//mcu/cs/
2021-09-02 22:07:43,486 [INFO] DbExamplesSqlite:767 - Set database path to: C:\Users\Tom\.stmcufinder\plugins\mcufinder//mcu/
2021-09-02 22:07:43,617 [INFO] RulesReader:57 - Compatibility file has been processed (242 Rules)
2021-09-02 22:07:43,816 [INFO] DbMcusXml:74 - Set database path to: X:\Programmes\ST\STM32CubeIDE_1.7.0\STM32CubeIDE\plugins\com.st.stm32cube.common.mx_6.3.0.202107141111\\db\/mcu/
2021-09-02 22:07:43,817 [INFO] DbBoardsPdsc:56 - Set plugin database path to: X:\Programmes\ST\STM32CubeIDE_1.7.0\STM32CubeIDE\plugins\com.st.stm32cube.common.mx_6.3.0.202107141111\\db\/plugins/boardmanager/
2021-09-02 22:07:43,818 [INFO] DbMcus:258 - Set plugin images path to: X:\Programmes\ST\STM32CubeIDE_1.7.0\STM32CubeIDE\plugins\com.st.stm32cube.common.mx_6.3.0.202107141111\\db\/plugins/mcufinder/images/
2021-09-02 22:07:43,818 [INFO] DbBoards:264 - Set plugin images path to: X:\Programmes\ST\STM32CubeIDE_1.7.0\STM32CubeIDE\plugins\com.st.stm32cube.common.mx_6.3.0.202107141111\\db\/plugins/mcufinder/images/
2021-09-02 22:07:43,818 [INFO] DbExamples:333 - Set plugin images path to: X:\Programmes\ST\STM32CubeIDE_1.7.0\STM32CubeIDE\plugins\com.st.stm32cube.common.mx_6.3.0.202107141111\\db\/plugins/mcufinder/images/
2021-09-02 22:07:43,818 [WARN] DbFile:35 - Overriding database path with different value: C:\Users\Tom\.stmcufinder\plugins\mcufinder/ => C:\Users\Tom\.stmcufinder\plugins\mcufinder
2021-09-02 22:07:43,818 [INFO] DbMcusAds:119 - Set database path to: C:\Users\Tom\.stmcufinder\plugins\mcufinder//mcu/
2021-09-02 22:07:43,819 [WARN] DbFile:35 - Overriding database path with different value: C:\Users\Tom\.stmcufinder\plugins\mcufinder/ => C:\Users\Tom\.stmcufinder\plugins\mcufinder
2021-09-02 22:07:43,819 [INFO] DbMcusDocs:110 - Set database path to: C:\Users\Tom\.stmcufinder\plugins\mcufinder//mcu/
2021-09-02 22:07:43,819 [WARN] DbFile:35 - Overriding database path with different value: C:\Users\Tom\.stmcufinder\plugins\mcufinder/ => C:\Users\Tom\.stmcufinder\plugins\mcufinder
2021-09-02 22:07:43,819 [INFO] DbMcusJson:64 - Set database path to: C:\Users\Tom\.stmcufinder\plugins\mcufinder//mcu/
2021-09-02 22:07:43,819 [WARN] DbFile:35 - Overriding database path with different value: C:\Users\Tom\.stmcufinder\plugins\mcufinder/ => C:\Users\Tom\.stmcufinder\plugins\mcufinder
2021-09-02 22:07:43,819 [INFO] DbBoardsDocs:110 - Set database path to: C:\Users\Tom\.stmcufinder\plugins\mcufinder//mcu/
2021-09-02 22:07:43,819 [WARN] DbFile:35 - Overriding database path with different value: C:\Users\Tom\.stmcufinder\plugins\mcufinder/ => C:\Users\Tom\.stmcufinder\plugins\mcufinder
2021-09-02 22:07:43,820 [INFO] DbBoardsJson:57 - Set database path to: C:\Users\Tom\.stmcufinder\plugins\mcufinder//mcu/
2021-09-02 22:07:43,820 [WARN] DbFile:35 - Overriding database path with different value: C:\Users\Tom\.stmcufinder\plugins\mcufinder/ => C:\Users\Tom\.stmcufinder\plugins\mcufinder
2021-09-02 22:07:43,820 [WARN] DbFile:35 - Overriding database path with different value: C:\Users\Tom\.stmcufinder\plugins\mcufinder/ => C:\Users\Tom\.stmcufinder\plugins\mcufinder
2021-09-02 22:07:43,830 [INFO] CrossReferenceDbSqlite:196 - Set database path to: C:\Users\Tom\.stmcufinder\plugins\mcufinder//mcu/cs/
2021-09-02 22:07:43,830 [WARN] DbFile:35 - Overriding database path with different value: C:\Users\Tom\.stmcufinder\plugins\mcufinder/ => C:\Users\Tom\.stmcufinder\plugins\mcufinder
2021-09-02 22:07:43,830 [INFO] DbExamplesSqlite:767 - Set database path to: C:\Users\Tom\.stmcufinder\plugins\mcufinder//mcu/
2021-09-02 22:07:43,919 [INFO] MainPanel:214 - HeapMemory: 291504128
2021-09-02 22:07:44,017 [INFO] DbMcusXml:74 - Set database path to: X:\Programmes\ST\STM32CubeIDE_1.7.0\STM32CubeIDE\plugins\com.st.stm32cube.common.mx_6.3.0.202107141111\\db\/mcu/
2021-09-02 22:07:44,017 [INFO] DbBoardsPdsc:56 - Set plugin database path to: X:\Programmes\ST\STM32CubeIDE_1.7.0\STM32CubeIDE\plugins\com.st.stm32cube.common.mx_6.3.0.202107141111\\db\/plugins/boardmanager/
2021-09-02 22:07:44,017 [INFO] DbMcus:258 - Set plugin images path to: X:\Programmes\ST\STM32CubeIDE_1.7.0\STM32CubeIDE\plugins\com.st.stm32cube.common.mx_6.3.0.202107141111\\db\/plugins/mcufinder/images/
2021-09-02 22:07:44,018 [INFO] DbBoards:264 - Set plugin images path to: X:\Programmes\ST\STM32CubeIDE_1.7.0\STM32CubeIDE\plugins\com.st.stm32cube.common.mx_6.3.0.202107141111\\db\/plugins/mcufinder/images/
2021-09-02 22:07:44,018 [INFO] DbExamples:333 - Set plugin images path to: X:\Programmes\ST\STM32CubeIDE_1.7.0\STM32CubeIDE\plugins\com.st.stm32cube.common.mx_6.3.0.202107141111\\db\/plugins/mcufinder/images/
2021-09-02 22:07:44,018 [WARN] DbFile:35 - Overriding database path with different value: C:\Users\Tom\.stmcufinder\plugins\mcufinder/ => C:\Users\Tom\.stmcufinder\plugins\mcufinder
2021-09-02 22:07:44,018 [INFO] DbMcusAds:119 - Set database path to: C:\Users\Tom\.stmcufinder\plugins\mcufinder//mcu/
2021-09-02 22:07:44,018 [WARN] DbFile:35 - Overriding database path with different value: C:\Users\Tom\.stmcufinder\plugins\mcufinder/ => C:\Users\Tom\.stmcufinder\plugins\mcufinder
2021-09-02 22:07:44,019 [INFO] DbMcusDocs:110 - Set database path to: C:\Users\Tom\.stmcufinder\plugins\mcufinder//mcu/
2021-09-02 22:07:44,019 [WARN] DbFile:35 - Overriding database path with different value: C:\Users\Tom\.stmcufinder\plugins\mcufinder/ => C:\Users\Tom\.stmcufinder\plugins\mcufinder
2021-09-02 22:07:44,019 [INFO] DbMcusJson:64 - Set database path to: C:\Users\Tom\.stmcufinder\plugins\mcufinder//mcu/
2021-09-02 22:07:44,019 [WARN] DbFile:35 - Overriding database path with different value: C:\Users\Tom\.stmcufinder\plugins\mcufinder/ => C:\Users\Tom\.stmcufinder\plugins\mcufinder
2021-09-02 22:07:44,019 [INFO] DbBoardsDocs:110 - Set database path to: C:\Users\Tom\.stmcufinder\plugins\mcufinder//mcu/
2021-09-02 22:07:44,019 [WARN] DbFile:35 - Overriding database path with different value: C:\Users\Tom\.stmcufinder\plugins\mcufinder/ => C:\Users\Tom\.stmcufinder\plugins\mcufinder
2021-09-02 22:07:44,019 [INFO] DbBoardsJson:57 - Set database path to: C:\Users\Tom\.stmcufinder\plugins\mcufinder//mcu/
2021-09-02 22:07:44,019 [WARN] DbFile:35 - Overriding database path with different value: C:\Users\Tom\.stmcufinder\plugins\mcufinder/ => C:\Users\Tom\.stmcufinder\plugins\mcufinder
2021-09-02 22:07:44,019 [WARN] DbFile:35 - Overriding database path with different value: C:\Users\Tom\.stmcufinder\plugins\mcufinder/ => C:\Users\Tom\.stmcufinder\plugins\mcufinder
2021-09-02 22:07:44,020 [INFO] CrossReferenceDbSqlite:196 - Set database path to: C:\Users\Tom\.stmcufinder\plugins\mcufinder//mcu/cs/
2021-09-02 22:07:44,020 [WARN] DbFile:35 - Overriding database path with different value: C:\Users\Tom\.stmcufinder\plugins\mcufinder/ => C:\Users\Tom\.stmcufinder\plugins\mcufinder
2021-09-02 22:07:44,020 [INFO] DbExamplesSqlite:767 - Set database path to: C:\Users\Tom\.stmcufinder\plugins\mcufinder//mcu/
2021-09-02 22:07:44,043 [INFO] ApplicationProperties:181 - Using Application install path: X:\Programmes\ST\STM32CubeIDE_1.7.0\STM32CubeIDE\plugins\com.st.stm32cube.common.mx_6.3.0.202107141111
2021-09-02 22:07:44,044 [INFO] PluginManage:188 - Search for loadable plugins [exclusion list=, ]
2021-09-02 22:07:44,046 [INFO] PluginManage:302 - Check plugin analytics
2021-09-02 22:07:44,292 [INFO] AnalyticsPlugin:257 - Accepted Software Licenses: 
2021-09-02 22:07:44,292 [INFO] AnalyticsPlugin:259 - Accepted CMSIS Pack Licenses: 
2021-09-02 22:07:44,292 [INFO] AnalyticsPlugin:261 - Accepted Firmware Licenses: 
2021-09-02 22:07:44,308 [INFO] PluginManage:352 - Loaded plugin analytics (category:tool,tabindex:-1)
2021-09-02 22:07:44,308 [INFO] PluginManage:302 - Check plugin clock
2021-09-02 22:07:44,354 [INFO] PluginManage:352 - Loaded plugin clock (category:base,tabindex:2)
2021-09-02 22:07:44,354 [INFO] PluginManage:302 - Check plugin ddr
2021-09-02 22:07:44,383 [INFO] PluginManage:352 - Loaded plugin ddr (category:tool,tabindex:6)
2021-09-02 22:07:44,383 [INFO] PluginManage:302 - Check plugin filemanager
2021-09-02 22:07:44,555 [INFO] PluginManage:352 - Loaded plugin filemanager (category:base,tabindex:10)
2021-09-02 22:07:44,555 [INFO] PluginManage:302 - Check plugin ipmanager
2021-09-02 22:07:44,580 [INFO] PluginManage:352 - Loaded plugin ipmanager (category:base,tabindex:5)
2021-09-02 22:07:44,580 [INFO] PluginManage:302 - Check plugin pinoutandconfiguration
2021-09-02 22:07:44,618 [INFO] PluginManage:352 - Loaded plugin pinoutandconfiguration (category:base,tabindex:1)
2021-09-02 22:07:44,618 [INFO] PluginManage:302 - Check plugin pinoutconfig
2021-09-02 22:07:44,651 [INFO] PluginManage:352 - Loaded plugin pinoutconfig (category:base,tabindex:0)
2021-09-02 22:07:44,651 [INFO] PluginManage:302 - Check plugin power
2021-09-02 22:07:44,698 [INFO] PluginManage:352 - Loaded plugin power (category:power,tabindex:4)
2021-09-02 22:07:44,698 [INFO] PluginManage:302 - Check plugin projectmanager
2021-09-02 22:07:44,717 [INFO] PluginManage:352 - Loaded plugin projectmanager (category:projectmanager,tabindex:3)
2021-09-02 22:07:44,717 [INFO] PluginManage:302 - Check plugin thirdparty
2021-09-02 22:07:45,130 [WARN] IntegrityCheckThread:78 - waiting for thirdparty lock release [integrity check]
2021-09-02 22:07:45,131 [INFO] IntegrityCheckThread:80 - entering critical section [integrity check]
2021-09-02 22:07:45,131 [INFO] ThirdPartyUpdaterWithRetryManager:66 - Updater plugin not ready yet. [1/15]
2021-09-02 22:07:45,131 [INFO] PluginManage:352 - Loaded plugin thirdparty (category:base,tabindex:-1)
2021-09-02 22:07:45,132 [INFO] PluginManage:302 - Check plugin tools
2021-09-02 22:07:45,135 [INFO] PluginManage:352 - Loaded plugin tools (category:base,tabindex:7)
2021-09-02 22:07:45,135 [INFO] PluginManage:302 - Check plugin tutovideos
2021-09-02 22:07:45,449 [INFO] PluginManage:352 - Loaded plugin tutovideos (category:base,tabindex:-1)
2021-09-02 22:07:45,449 [INFO] PluginManage:302 - Check plugin updater
2021-09-02 22:07:45,488 [INFO] PluginManage:352 - Loaded plugin updater (category:base,tabindex:12)
2021-09-02 22:07:45,489 [INFO] PluginManage:275 - PluginManage : Loaded plugins [13]
2021-09-02 22:07:45,843 [INFO] PinOutPanel:1463 - setPackage(No Configuration,No Configuration)
2021-09-02 22:07:46,025 [INFO] IPUIPlugin:74 - create IPUIPlugin
2021-09-02 22:07:46,025 [INFO] PluginManager:213 - loadIPPluginJar : add adc
2021-09-02 22:07:46,029 [INFO] IPUIPlugin:74 - create IPUIPlugin
2021-09-02 22:07:46,029 [INFO] PluginManager:213 - loadIPPluginJar : add aes
2021-09-02 22:07:46,032 [INFO] IPUIPlugin:74 - create IPUIPlugin
2021-09-02 22:07:46,032 [INFO] PluginManager:213 - loadIPPluginJar : add can
2021-09-02 22:07:46,034 [INFO] IPUIPlugin:74 - create IPUIPlugin
2021-09-02 22:07:46,034 [INFO] PluginManager:213 - loadIPPluginJar : add comp
2021-09-02 22:07:46,037 [INFO] IPUIPlugin:74 - create IPUIPlugin
2021-09-02 22:07:46,037 [INFO] PluginManager:213 - loadIPPluginJar : add cryp
2021-09-02 22:07:46,040 [INFO] IPUIPlugin:74 - create IPUIPlugin
2021-09-02 22:07:46,040 [INFO] PluginManager:213 - loadIPPluginJar : add dfsdm
2021-09-02 22:07:46,046 [INFO] IPUIPlugin:74 - create IPUIPlugin
2021-09-02 22:07:46,047 [INFO] PluginManager:213 - loadIPPluginJar : add dma
2021-09-02 22:07:46,050 [INFO] IPUIPlugin:74 - create IPUIPlugin
2021-09-02 22:07:46,050 [INFO] PluginManager:213 - loadIPPluginJar : add dma3
2021-09-02 22:07:46,052 [INFO] IPUIPlugin:74 - create IPUIPlugin
2021-09-02 22:07:46,052 [INFO] PluginManager:213 - loadIPPluginJar : add fatfs
2021-09-02 22:07:46,057 [INFO] IPUIPlugin:74 - create IPUIPlugin
2021-09-02 22:07:46,058 [INFO] PluginManager:213 - loadIPPluginJar : add fmc
2021-09-02 22:07:46,066 [INFO] IPUIPlugin:74 - create IPUIPlugin
2021-09-02 22:07:46,066 [INFO] PluginManager:213 - loadIPPluginJar : add freertos
2021-09-02 22:07:46,069 [INFO] IPUIPlugin:74 - create IPUIPlugin
2021-09-02 22:07:46,069 [INFO] PluginManager:213 - loadIPPluginJar : add genericplugin
2021-09-02 22:07:46,072 [INFO] IPUIPlugin:74 - create IPUIPlugin
2021-09-02 22:07:46,072 [INFO] PluginManager:213 - loadIPPluginJar : add gfxmmu
2021-09-02 22:07:46,078 [INFO] IPUIPlugin:74 - create IPUIPlugin
2021-09-02 22:07:46,079 [INFO] PluginManager:213 - loadIPPluginJar : add gic
2021-09-02 22:07:46,083 [INFO] IPUIPlugin:74 - create IPUIPlugin
2021-09-02 22:07:46,084 [INFO] PluginManager:213 - loadIPPluginJar : add gpio
2021-09-02 22:07:46,087 [INFO] IPUIPlugin:74 - create IPUIPlugin
2021-09-02 22:07:46,087 [INFO] PluginManager:213 - loadIPPluginJar : add gtzc
2021-09-02 22:07:46,090 [INFO] IPUIPlugin:74 - create IPUIPlugin
2021-09-02 22:07:46,091 [INFO] PluginManager:213 - loadIPPluginJar : add hash
2021-09-02 22:07:46,094 [INFO] IPUIPlugin:74 - create IPUIPlugin
2021-09-02 22:07:46,094 [INFO] PluginManager:213 - loadIPPluginJar : add i2c
2021-09-02 22:07:46,098 [INFO] IPUIPlugin:74 - create IPUIPlugin
2021-09-02 22:07:46,098 [INFO] PluginManager:213 - loadIPPluginJar : add i2s
2021-09-02 22:07:46,102 [INFO] IPUIPlugin:74 - create IPUIPlugin
2021-09-02 22:07:46,102 [INFO] PluginManager:213 - loadIPPluginJar : add ipddr
2021-09-02 22:07:46,109 [INFO] IPUIPlugin:74 - create IPUIPlugin
2021-09-02 22:07:46,110 [INFO] PluginManager:213 - loadIPPluginJar : add linkedlist
2021-09-02 22:07:46,113 [INFO] IPUIPlugin:74 - create IPUIPlugin
2021-09-02 22:07:46,113 [INFO] PluginManager:213 - loadIPPluginJar : add lorawan
2021-09-02 22:07:46,115 [INFO] IPUIPlugin:74 - create IPUIPlugin
2021-09-02 22:07:46,115 [INFO] PluginManager:213 - loadIPPluginJar : add ltdc
2021-09-02 22:07:46,120 [INFO] IPUIPlugin:74 - create IPUIPlugin
2021-09-02 22:07:46,120 [INFO] PluginManager:213 - loadIPPluginJar : add mdma
2021-09-02 22:07:46,124 [INFO] IPUIPlugin:74 - create IPUIPlugin
2021-09-02 22:07:46,124 [INFO] PluginManager:213 - loadIPPluginJar : add nvic
2021-09-02 22:07:46,128 [INFO] IPUIPlugin:74 - create IPUIPlugin
2021-09-02 22:07:46,128 [INFO] PluginManager:213 - loadIPPluginJar : add opamp
2021-09-02 22:07:46,132 [INFO] IPUIPlugin:74 - create IPUIPlugin
2021-09-02 22:07:46,132 [INFO] PluginManager:213 - loadIPPluginJar : add openamp
2021-09-02 22:07:46,136 [INFO] IPUIPlugin:74 - create IPUIPlugin
2021-09-02 22:07:46,136 [INFO] PluginManager:213 - loadIPPluginJar : add pdm2pcm
2021-09-02 22:07:46,143 [INFO] IPUIPlugin:74 - create IPUIPlugin
2021-09-02 22:07:46,148 [INFO] PluginManager:213 - loadIPPluginJar : add plateformsettings
2021-09-02 22:07:46,150 [INFO] IPUIPlugin:74 - create IPUIPlugin
2021-09-02 22:07:46,150 [INFO] PluginManager:213 - loadIPPluginJar : add quadspi
2021-09-02 22:07:46,177 [INFO] IPUIPlugin:74 - create IPUIPlugin
2021-09-02 22:07:46,177 [INFO] PluginManager:213 - loadIPPluginJar : add resmgrutility
2021-09-02 22:07:46,197 [INFO] IPUIPlugin:74 - create IPUIPlugin
2021-09-02 22:07:46,197 [INFO] PluginManager:213 - loadIPPluginJar : add sai
2021-09-02 22:07:46,201 [INFO] IPUIPlugin:74 - create IPUIPlugin
2021-09-02 22:07:46,201 [INFO] PluginManager:213 - loadIPPluginJar : add spi
2021-09-02 22:07:46,215 [INFO] IPUIPlugin:74 - create IPUIPlugin
2021-09-02 22:07:46,216 [INFO] PluginManager:213 - loadIPPluginJar : add stm32_wpan
2021-09-02 22:07:46,218 [INFO] IPUIPlugin:74 - create IPUIPlugin
2021-09-02 22:07:46,218 [INFO] PluginManager:213 - loadIPPluginJar : add tim
2021-09-02 22:07:46,221 [INFO] IPUIPlugin:74 - create IPUIPlugin
2021-09-02 22:07:46,222 [INFO] PluginManager:213 - loadIPPluginJar : add touchsensing
2021-09-02 22:07:46,224 [INFO] IPUIPlugin:74 - create IPUIPlugin
2021-09-02 22:07:46,225 [INFO] PluginManager:213 - loadIPPluginJar : add tracer_emb
2021-09-02 22:07:46,227 [INFO] IPUIPlugin:74 - create IPUIPlugin
2021-09-02 22:07:46,228 [INFO] PluginManager:213 - loadIPPluginJar : add ts
2021-09-02 22:07:46,230 [INFO] IPUIPlugin:74 - create IPUIPlugin
2021-09-02 22:07:46,230 [INFO] PluginManager:213 - loadIPPluginJar : add tsc
2021-09-02 22:07:46,233 [INFO] IPUIPlugin:74 - create IPUIPlugin
2021-09-02 22:07:46,233 [INFO] PluginManager:213 - loadIPPluginJar : add ucpd
2021-09-02 22:07:46,236 [INFO] IPUIPlugin:74 - create IPUIPlugin
2021-09-02 22:07:46,236 [INFO] PluginManager:213 - loadIPPluginJar : add usart
2021-09-02 22:07:46,239 [INFO] IPUIPlugin:74 - create IPUIPlugin
2021-09-02 22:07:46,239 [INFO] PluginManager:213 - loadIPPluginJar : add usbx
2021-09-02 22:07:46,682 [FATAL] Updater:294 - Updater called before beeing initialized
2021-09-02 22:07:46,819 [FATAL] Updater:294 - Updater called before beeing initialized
2021-09-02 22:07:46,823 [INFO] DbMcusAds:47 - JSON generation date=Wed Aug 18 16:24:26 CEST 2021 (1629296666117)
2021-09-02 22:07:46,824 [FATAL] Updater:294 - Updater called before beeing initialized
2021-09-02 22:07:46,906 [WARN] DetailPanel:314 - Failed to get advertising image, set to default
2021-09-02 22:07:47,021 [FATAL] Updater:294 - Updater called before beeing initialized
2021-09-02 22:07:47,023 [FATAL] Updater:294 - Updater called before beeing initialized
2021-09-02 22:07:47,024 [FATAL] Updater:294 - Updater called before beeing initialized
2021-09-02 22:07:47,024 [WARN] DetailPanel:314 - Failed to get advertising image, set to default
2021-09-02 22:07:47,025 [FATAL] Updater:294 - Updater called before beeing initialized
2021-09-02 22:07:47,097 [ERROR] Updater:1075 - MainUpdater not yet initialized. External WinMGr cannot be set.
2021-09-02 22:07:47,123 [INFO] Updater:1012 - Updater Version found : 6.3.0
2021-09-02 22:07:47,145 [INFO] ApplicationProperties:181 - Using Application install path: X:\Programmes\ST\STM32CubeIDE_1.7.0\STM32CubeIDE\plugins\com.st.stm32cube.common.mx_6.3.0.202107141111
2021-09-02 22:07:47,302 [INFO] MainUpdater:2671 - connection check result : 10
2021-09-02 22:07:47,302 [INFO] MainUpdater:265 - Updater Check For Update Now.
2021-09-02 22:07:47,303 [INFO] MicroXplorer:478 - Change Database Version : DB.6.0.30
2021-09-02 22:07:47,468 [INFO] CheckServerUpdateThread:112 - End of CheckServer Thread
2021-09-02 22:07:47,497 [INFO] MainUpdater:2671 - connection check result : 10
2021-09-02 22:07:48,356 [WARN] PackLoader:238 - Cannot read IP mode file for RoweBots.I-CUBE-UNISONRTOS.5.5.0-4
2021-09-02 22:07:48,357 [INFO] McuFinderGlobals:52 - Set McuFinderConnectedMode to false
2021-09-02 22:07:48,447 [WARN] PackLoader:238 - Cannot read IP mode file for STMicroelectronics.X-CUBE-MEMS1.9.0.0
2021-09-02 22:07:48,547 [INFO] CrossSelectorPresenter:1330 - Cross Selector saved comparison directory: C:\Users\Tom\.stmcufinder\plugins\mcufinder\mcu\cs_comparisons_mx
2021-09-02 22:07:48,553 [INFO] MultiScanPanel:197 - Auto-refresh data requested => check proxy status ongoing
2021-09-02 22:07:48,553 [INFO] MultiScanPanel:201 - Proxy status is invalid
2021-09-02 22:07:48,564 [INFO] FinderPluginLoader:87 - Searching for filters in installed packs
2021-09-02 22:07:48,593 [INFO] DbMcusXml:100 - Load MCU database from X:\Programmes\ST\STM32CubeIDE_1.7.0\STM32CubeIDE\plugins\com.st.stm32cube.common.mx_6.3.0.202107141111\\db\/mcu/families.xml
2021-09-02 22:07:48,658 [WARN] PackLoader:238 - Cannot read IP mode file for STMicroelectronics.X-CUBE-AZRTOS-H7.1.1.0
2021-09-02 22:07:48,723 [WARN] PackLoader:238 - Cannot read IP mode file for SEGGER.I-CUBE-embOS.1.2.0
2021-09-02 22:07:48,811 [WARN] PackLoader:238 - Cannot read IP mode file for STMicroelectronics.X-CUBE-BLE1.6.2.1
2021-09-02 22:07:48,817 [WARN] PackLoader:238 - Cannot read IP mode file for STMicroelectronics.X-CUBE-BLE2.3.2.1
2021-09-02 22:07:48,825 [WARN] PackLoader:238 - Cannot read IP mode file for STMicroelectronics.X-CUBE-NFC4.2.0.3
2021-09-02 22:07:48,832 [WARN] PackLoader:238 - Cannot read IP mode file for wolfSSL.I-CUBE-wolfSSL.4.8.0
2021-09-02 22:07:48,875 [WARN] PackLoader:238 - Cannot read IP mode file for STMicroelectronics.X-CUBE-TOUCHGFX.4.17.0
2021-09-02 22:07:48,886 [WARN] PackLoader:238 - Cannot read IP mode file for STMicroelectronics.X-CUBE-SFXS2LP1.3.1.0
2021-09-02 22:07:48,902 [WARN] PackLoader:238 - Cannot read IP mode file for STMicroelectronics.X-CUBE-TOF1.2.0.0
2021-09-02 22:07:48,923 [WARN] PackLoader:238 - Cannot read IP mode file for STMicroelectronics.X-CUBE-SUBG2.4.2.0
2021-09-02 22:07:48,958 [WARN] PackLoader:238 - Cannot read IP mode file for STMicroelectronics.X-CUBE-ALS.1.0.1
2021-09-02 22:07:48,965 [WARN] PackLoader:238 - Cannot read IP mode file for STMicroelectronics.X-CUBE-AI.7.0.0
2021-09-02 22:07:48,972 [WARN] PackLoader:238 - Cannot read IP mode file for STMicroelectronics.X-CUBE-ALGOBUILD.1.2.1
2021-09-02 22:07:48,988 [WARN] PackLoader:238 - Cannot read IP mode file for STMicroelectronics.X-CUBE-DISPLAY.1.0.0
2021-09-02 22:07:48,997 [WARN] PackLoader:238 - Cannot read IP mode file for STMicroelectronics.X-CUBE-EEPRMA1.3.1.0
2021-09-02 22:07:49,035 [WARN] PackLoader:238 - Cannot read IP mode file for STMicroelectronics.X-CUBE-GNSS1.5.2.0
2021-09-02 22:07:49,037 [INFO] ThirdParty:915 - Integrity check success = true
2021-09-02 22:07:49,037 [INFO] IntegrityCheckThread:94 - exiting critical section [integrity check]
2021-09-02 22:07:49,037 [INFO] IntegrityCheckThread:97 - End integrity checks thread
2021-09-02 22:07:49,901 [INFO] DbMcusJson:93 - JSON generation date=Mon Jun 07 10:53:21 CEST 2021 (1623056001)
2021-09-02 22:07:50,730 [INFO] DbMcus:175 - Found 1951 MCUs (1903 are supported by CubeMX, 1903 are visible in CubeMX)
2021-09-02 22:07:50,731 [INFO] ApiDb:242 - User favorites file not found: C:\Users\Tom/.stm32cubeide/favorites.mcus.txt
2021-09-02 22:07:50,731 [INFO] DbMcus:187 - Set 0 / 0 favorites MCUs
2021-09-02 22:07:51,398 [INFO] DetailPanel:309 - Set advertising image to C:/Users/Tom/STM32Cube/Repository/\en.prom_STM32U5_PSA-SESIP_LV3_0821.png
2021-09-02 22:07:52,086 [INFO] DbBoardsPdsc:90 - Found 25 items
2021-09-02 22:07:52,098 [INFO] DbBoardsPdsc:90 - Found 9 items
2021-09-02 22:07:52,119 [INFO] DbBoardsPdsc:90 - Found 33 items
2021-09-02 22:07:52,138 [INFO] DbBoardsPdsc:90 - Found 1 items
2021-09-02 22:07:52,167 [INFO] DbBoardsPdsc:90 - Found 48 items
2021-09-02 22:07:52,183 [INFO] DbBoardsPdsc:90 - Found 43 items
2021-09-02 22:07:52,192 [INFO] DbBoardsPdsc:90 - Found 2 items
2021-09-02 22:07:52,238 [INFO] DbBoardsPdsc:90 - Found 5 items
2021-09-02 22:07:52,244 [WARN] DbBoardsPdsc:254 - Board STM32H7B3I-DK: unknown feature type=Audio, name=, username=Audio stereo codec with Headphone Amp (CS42L51-CNZ), n=1
2021-09-02 22:07:52,244 [WARN] DbBoardsPdsc:254 - Board STM32H735G-DK: unknown feature type=Audio, name=, username=Audio stereo codec with Headphone Amp (WM8994ECS/R), n=1
2021-09-02 22:07:52,246 [WARN] DbBoardsPdsc:254 - Board STM32H7B3I-EVAL: unknown feature type=Audio, name=, username=Multi-Channel Audio Codec (CS42L51-CNZ), n=1
2021-09-02 22:07:52,246 [WARN] DbBoardsPdsc:254 - Board STM32H7B3I-EVAL: unknown feature type=Meter, name=, username=Power-metering and Temperature-monitoring with sigma-delta modulators, n=1
2021-09-02 22:07:52,246 [WARN] DbBoardsPdsc:254 - Board STM32H7B3I-EVAL: unknown feature type=Motor, name=, username=Motor Control, n=1
2021-09-02 22:07:52,247 [WARN] DbBoardsPdsc:254 - Board STM32U575I-EV: unknown feature type=joystick, name=, username=4-direction joystick with selection button, n=1
2021-09-02 22:07:52,287 [INFO] DbBoardsJson:86 - JSON generation date=Tue Jun 01 07:52:40 CEST 2021 (1622526760)
2021-09-02 22:07:52,296 [INFO] DbBoards:117 - Found 166 boards (163 are supported by CubeMX)
2021-09-02 22:07:52,309 [INFO] DbBoardsDocs:143 - JSON generation date=Tue Jun 01 07:52:40 CEST 2021 (1622526760)
2021-09-02 22:07:52,334 [INFO] DbBoardsDocs:79 - Found 193 boards documents
2021-09-02 22:07:52,334 [WARN] DbBoards:127 - board B-L462E-CELL1 has no document id list !
2021-09-02 22:07:52,335 [WARN] DbBoards:127 - board B-L475E-IOT01A2 has no document id list !
2021-09-02 22:07:52,335 [WARN] DbBoards:127 - board B-U585I-IOT02A has no document id list !
2021-09-02 22:07:52,336 [WARN] DbBoards:127 - board NUCLEO-G0B1RE has no document id list !
2021-09-02 22:07:52,336 [WARN] DbBoards:127 - board NUCLEO-H743ZI has no document id list !
2021-09-02 22:07:52,337 [WARN] DbBoards:127 - board NUCLEO-L4A6ZG has no document id list !
2021-09-02 22:07:52,337 [WARN] DbBoards:127 - board NUCLEO-U575ZI-Q has no document id list !
2021-09-02 22:07:52,337 [WARN] DbBoards:127 - board NUCLEO-WB15CC has no document id list !
2021-09-02 22:07:52,337 [WARN] DbBoards:127 - board NUCLEO-WB55RG has no document id list !
2021-09-02 22:07:52,338 [WARN] DbBoards:127 - board NUCLEO-WL55JC2 has no document id list !
2021-09-02 22:07:52,338 [WARN] DbBoards:127 - board P-NUCLEO-WB55-Nucleo has no document id list !
2021-09-02 22:07:52,338 [WARN] DbBoards:127 - board P-NUCLEO-WB55-USBDongle has no document id list !
2021-09-02 22:07:52,338 [WARN] DbBoards:127 - board STEVAL-BFA001V1B has no document id list !
2021-09-02 22:07:52,338 [WARN] DbBoards:127 - board STEVAL-BFA001V2B has no document id list !
2021-09-02 22:07:52,338 [WARN] DbBoards:127 - board STEVAL-IDP005V1 has no document id list !
2021-09-02 22:07:52,338 [WARN] DbBoards:127 - board STEVAL-IDP005V2 has no document id list !
2021-09-02 22:07:52,338 [WARN] DbBoards:127 - board STEVAL-MKSBOX1V1 has no document id list !
2021-09-02 22:07:52,338 [WARN] DbBoards:127 - board STEVAL-STWINKT1 has no document id list !
2021-09-02 22:07:52,338 [WARN] DbBoards:127 - board STEVAL-STWINKT1B has no document id list !
2021-09-02 22:07:52,339 [WARN] DbBoards:127 - board STM32F401C-DISCO has no document id list !
2021-09-02 22:07:52,340 [WARN] DbBoards:127 - board STM32F769I-DISC1 has no document id list !
2021-09-02 22:07:52,340 [WARN] DbBoards:127 - board STM32G0C1E-EV has no document id list !
2021-09-02 22:07:52,340 [WARN] DbBoards:127 - board STM32G474E-EVAL1 has no document id list !
2021-09-02 22:07:52,340 [WARN] DbBoards:127 - board STM32H743I-EVAL2 has no document id list !
2021-09-02 22:07:52,340 [WARN] DbBoards:127 - board STM32H747I-DISC1 has no document id list !
2021-09-02 22:07:52,341 [WARN] DbBoards:127 - board STM32H753I-EVAL2 has no document id list !
2021-09-02 22:07:52,341 [WARN] DbBoards:127 - board STM32L-DISCOVERY has no document id list !
2021-09-02 22:07:52,342 [WARN] DbBoards:127 - board STM32MP157A-DK1 has no document id list !
2021-09-02 22:07:52,342 [WARN] DbBoards:127 - board STM32MP157D-DK1 has no document id list !
2021-09-02 22:07:52,342 [WARN] DbBoards:127 - board STM32MP157D-EV1 has no document id list !
2021-09-02 22:07:52,342 [WARN] DbBoards:127 - board STM32MP157F-DK2 has no document id list !
2021-09-02 22:07:52,342 [WARN] DbBoards:127 - board STM32MP157F-EV1 has no document id list !
2021-09-02 22:07:52,342 [WARN] DbBoards:127 - board STM32U575I-EV has no document id list !
2021-09-02 22:07:52,342 [WARN] DbBoards:127 - board STM32WB5MM-DK has no document id list !
2021-09-02 22:07:55,270 [INFO] ApiDb:242 - User favorites file not found: C:\Users\Tom/.stm32cubeide/favorites.boards.txt
2021-09-02 22:07:55,270 [INFO] DbBoards:206 - Set 0 / 0 favorites Boards
2021-09-02 22:07:55,802 [INFO] MultiScanPanel:197 - Auto-refresh data requested => check proxy status ongoing
2021-09-02 22:07:55,803 [INFO] MultiScanPanel:201 - Proxy status is invalid
2021-09-02 22:07:55,872 [INFO] DetailPanel:309 - Set advertising image to C:/Users/Tom/STM32Cube/Repository/\en.prom_STM32U5_PSA-SESIP_LV3_0821.png
2021-09-02 22:07:56,092 [INFO] MultiScanPanel:197 - Auto-refresh data requested => check proxy status ongoing
2021-09-02 22:07:56,092 [INFO] MultiScanPanel:201 - Proxy status is invalid
2021-09-02 22:07:56,247 [INFO] ApiDb:479 - Connected to CubeFinder SQLite database (C:\Users\Tom\.stmcufinder\plugins\mcufinder\mcu\cube-finder-db.db)
2021-09-02 22:07:57,411 [INFO] DbExamplesSqlite:411 - Ignored 49 examples not supported by CubeIDE
2021-09-02 22:07:57,411 [INFO] DbExamplesSqlite:412 - Found 5419 examples active
2021-09-02 22:07:57,411 [INFO] DbExamplesSqlite:413 - Found 0 examples obsolete
2021-09-02 22:07:57,411 [INFO] DbExamplesSqlite:414 - Found 0 examples under development
2021-09-02 22:07:57,412 [INFO] DbExamplesSqlite:415 - Found 110 examples not building
2021-09-02 22:07:57,457 [INFO] DbExamplesSqlite:108 - CubeFinder database Data Model version=2.1
2021-09-02 22:07:57,457 [INFO] DbExamplesSqlite:109 - CubeFinder database Configuration version=3.0.11
2021-09-02 22:07:57,457 [INFO] DbExamplesSqlite:110 - CubeFinder database generation date=2021-08-20 (1629453029)
2021-09-02 22:07:57,458 [INFO] DbExamplesSqlite:111 - CubeFinder database FW Pack versions=[STM32Cube_FW_F4_V1.26.2, STM32Cube_FW_F7_V1.16.1, STM32Cube_FW_G0_V1.5.0, STM32Cube_FW_G4_V1.4.0, STM32Cube_FW_H7_V1.9.0, STM32Cube_FW_L5_V1.4.0, STM32Cube_FW_U5_V1.0.0, STM32Cube_FW_WB_V1.12.1, STM32Cube_FW_WL_V1.1.0, X-CUBE-ALS_V1.0.1, X-CUBE-AZRTOS-H7_V1.1.0, X-CUBE-BLE1_V6.2.0, X-CUBE-BLE2_V3.2.1, X-CUBE-EEPRMA1_V3.1.0, X-CUBE-GNSS1_V5.2.0, X-CUBE-NFC4_V2.0.3, X-CUBE-SFXS2LP1_V3.1.0]
2021-09-02 22:07:57,459 [INFO] DbExamples:130 - Found 5480 examples
2021-09-02 22:07:58,370 [ERROR] DbExamples:206 - Found 338 examples with invalid data (board or MCU)
2021-09-02 22:07:58,371 [INFO] DbExamples:222 - Found 70 boards with related examples
2021-09-02 22:07:58,382 [INFO] DbExamples:235 - Found 59 MCUs with related examples
2021-09-02 22:07:58,406 [INFO] ApiDb:242 - User favorites file not found: C:\Users\Tom/.stm32cubeide/favorites.examples.txt
2021-09-02 22:07:58,406 [INFO] DbExamples:256 - Set 0 / 0 favorites Examples
2021-09-02 22:07:58,709 [INFO] SoftwarePacks:121 - Download is needed for SW pack 'STM32Cube_FW_F4_V1.26.2'
2021-09-02 22:07:58,713 [INFO] SoftwarePacks:121 - Download is needed for SW pack 'STM32Cube_FW_F7_V1.16.1'
2021-09-02 22:07:58,716 [INFO] SoftwarePacks:121 - Download is needed for SW pack 'STM32Cube_FW_G0_V1.5.0'
2021-09-02 22:07:58,720 [INFO] SoftwarePacks:121 - Download is needed for SW pack 'STM32Cube_FW_G4_V1.4.0'
2021-09-02 22:07:58,723 [INFO] SoftwarePacks:121 - Download is needed for SW pack 'STM32Cube_FW_H7_V1.9.0'
2021-09-02 22:07:58,726 [INFO] SoftwarePacks:121 - Download is needed for SW pack 'STM32Cube_FW_L5_V1.4.0'
2021-09-02 22:07:58,732 [INFO] SoftwarePacks:121 - Download is needed for SW pack 'STM32Cube_FW_U5_V1.0.0'
2021-09-02 22:07:58,735 [INFO] SoftwarePacks:121 - Download is needed for SW pack 'STM32Cube_FW_WB_V1.12.1'
2021-09-02 22:07:58,738 [INFO] SoftwarePacks:121 - Download is needed for SW pack 'STM32Cube_FW_WL_V1.1.0'
2021-09-02 22:07:58,738 [INFO] SoftwarePacks:121 - Download is needed for SW pack 'X-CUBE-ALS_V1.0.1'
2021-09-02 22:07:58,739 [INFO] SoftwarePacks:121 - Download is needed for SW pack 'X-CUBE-AZRTOS-H7_V1.1.0'
2021-09-02 22:07:58,739 [INFO] SoftwarePacks:121 - Download is needed for SW pack 'X-CUBE-BLE1_V6.2.0'
2021-09-02 22:07:58,739 [INFO] SoftwarePacks:121 - Download is needed for SW pack 'X-CUBE-BLE2_V3.2.1'
2021-09-02 22:07:58,739 [INFO] SoftwarePacks:121 - Download is needed for SW pack 'X-CUBE-EEPRMA1_V3.1.0'
2021-09-02 22:07:58,739 [INFO] SoftwarePacks:121 - Download is needed for SW pack 'X-CUBE-GNSS1_V5.2.0'
2021-09-02 22:07:58,739 [INFO] SoftwarePacks:121 - Download is needed for SW pack 'X-CUBE-NFC4_V2.0.3'
2021-09-02 22:07:58,739 [INFO] SoftwarePacks:121 - Download is needed for SW pack 'X-CUBE-SFXS2LP1_V3.1.0'
2021-09-02 22:08:00,539 [INFO] DetailPanel:309 - Set advertising image to C:/Users/Tom/STM32Cube/Repository/\en.prom_STM32U5_PSA-SESIP_LV3_0821.png
2021-09-02 22:09:15,198 [INFO] McuFinderGlobals:52 - Set McuFinderConnectedMode to true
2021-09-02 22:09:15,201 [INFO] ApiDb:276 - Save user favorites file C:\Users\Tom/.stm32cubeide/favorites.mcus.txt: 0 item(s)
2021-09-02 22:09:15,201 [INFO] ApiDb:280 - User favorites MCUs=[]
2021-09-02 22:09:15,202 [INFO] ApiDb:276 - Save user favorites file C:\Users\Tom/.stm32cubeide/favorites.boards.txt: 0 item(s)
2021-09-02 22:09:15,203 [INFO] ApiDb:280 - User favorites Boards=[]
2021-09-02 22:09:15,207 [INFO] ApiDb:276 - Save user favorites file C:\Users\Tom/.stm32cubeide/favorites.examples.txt: 0 item(s)
2021-09-02 22:09:15,207 [INFO] ApiDb:280 - User favorites Examples=[]
